<?xml version="1.0" encoding="UTF-8"?>
<<<<<<< HEAD
<testsuite xmlns:xsi="http://www.w3.org/2001/XMLSchema-instance" xsi:noNamespaceSchemaLocation="https://maven.apache.org/surefire/maven-surefire-plugin/xsd/surefire-test-report.xsd" name="it.unipd.mtss.CartTest" time="0.05" tests="27" errors="0" skipped="0" failures="0">
=======
<testsuite xmlns:xsi="http://www.w3.org/2001/XMLSchema-instance" xsi:noNamespaceSchemaLocation="https://maven.apache.org/surefire/maven-surefire-plugin/xsd/surefire-test-report.xsd" name="it.unipd.mtss.CartTest" time="0.01" tests="15" errors="0" skipped="0" failures="0">
>>>>>>> 8e3b64d19fd12b9d053033bfd7799d4c6902f965
  <properties>
    <property name="awt.toolkit" value="sun.awt.X11.XToolkit"/>
    <property name="java.specification.version" value="11"/>
    <property name="sun.cpu.isalist" value=""/>
    <property name="sun.jnu.encoding" value="UTF-8"/>
<<<<<<< HEAD
    <property name="java.class.path" value="/media/nicola/E0362DB4362D8C9A/Universita/Secondo_Anno/MTSS/MTSS-Assignment2/e-shop-manager/target/test-classes:/media/nicola/E0362DB4362D8C9A/Universita/Secondo_Anno/MTSS/MTSS-Assignment2/e-shop-manager/target/classes:/home/nicola/.m2/repository/junit/junit/4.11/junit-4.11.jar:/home/nicola/.m2/repository/org/hamcrest/hamcrest-core/1.3/hamcrest-core-1.3.jar:"/>
=======
    <property name="java.class.path" value="/home/giovannit/MTSS-Assignment2/MTSS-Assignment2/e-shop-manager/target/test-classes:/home/giovannit/MTSS-Assignment2/MTSS-Assignment2/e-shop-manager/target/classes:/home/giovannit/.m2/repository/junit/junit/4.11/junit-4.11.jar:/home/giovannit/.m2/repository/org/hamcrest/hamcrest-core/1.3/hamcrest-core-1.3.jar:"/>
>>>>>>> 8e3b64d19fd12b9d053033bfd7799d4c6902f965
    <property name="java.vm.vendor" value="Debian"/>
    <property name="sun.arch.data.model" value="64"/>
    <property name="java.vendor.url" value="https://tracker.debian.org/openjdk-11"/>
    <property name="user.timezone" value=""/>
    <property name="java.vm.specification.version" value="11"/>
    <property name="os.name" value="Linux"/>
    <property name="sun.java.launcher" value="SUN_STANDARD"/>
    <property name="user.country" value="IT"/>
<<<<<<< HEAD
    <property name="sun.boot.library.path" value="/usr/lib/jvm/java-17-openjdk-amd64/lib"/>
    <property name="sun.java.command" value="/media/nicola/E0362DB4362D8C9A/Universita/Secondo_Anno/MTSS/MTSS-Assignment2/e-shop-manager/target/surefire/surefirebooter14002478185793372411.jar /media/nicola/E0362DB4362D8C9A/Universita/Secondo_Anno/MTSS/MTSS-Assignment2/e-shop-manager/target/surefire 2022-05-19T22-50-51_014-jvmRun1 surefire9157596856165147870tmp surefire_013656349754267772912tmp"/>
    <property name="jdk.debug" value="release"/>
    <property name="surefire.test.class.path" value="/media/nicola/E0362DB4362D8C9A/Universita/Secondo_Anno/MTSS/MTSS-Assignment2/e-shop-manager/target/test-classes:/media/nicola/E0362DB4362D8C9A/Universita/Secondo_Anno/MTSS/MTSS-Assignment2/e-shop-manager/target/classes:/home/nicola/.m2/repository/junit/junit/4.11/junit-4.11.jar:/home/nicola/.m2/repository/org/hamcrest/hamcrest-core/1.3/hamcrest-core-1.3.jar:"/>
=======
    <property name="sun.boot.library.path" value="/usr/lib/jvm/java-11-openjdk-amd64/lib"/>
    <property name="sun.java.command" value="/home/giovannit/MTSS-Assignment2/MTSS-Assignment2/e-shop-manager/target/surefire/surefirebooter1372460794776679539.jar /home/giovannit/MTSS-Assignment2/MTSS-Assignment2/e-shop-manager/target/surefire 2022-05-19T22-33-59_806-jvmRun1 surefire2211695272727354522tmp surefire_07022698615070597437tmp"/>
    <property name="jdk.debug" value="release"/>
    <property name="surefire.test.class.path" value="/home/giovannit/MTSS-Assignment2/MTSS-Assignment2/e-shop-manager/target/test-classes:/home/giovannit/MTSS-Assignment2/MTSS-Assignment2/e-shop-manager/target/classes:/home/giovannit/.m2/repository/junit/junit/4.11/junit-4.11.jar:/home/giovannit/.m2/repository/org/hamcrest/hamcrest-core/1.3/hamcrest-core-1.3.jar:"/>
>>>>>>> 8e3b64d19fd12b9d053033bfd7799d4c6902f965
    <property name="sun.cpu.endian" value="little"/>
    <property name="user.home" value="/home/giovannit"/>
    <property name="user.language" value="it"/>
    <property name="java.specification.vendor" value="Oracle Corporation"/>
    <property name="java.version.date" value="2022-01-18"/>
    <property name="java.home" value="/usr/lib/jvm/java-11-openjdk-amd64"/>
    <property name="file.separator" value="/"/>
<<<<<<< HEAD
    <property name="basedir" value="/media/nicola/E0362DB4362D8C9A/Universita/Secondo_Anno/MTSS/MTSS-Assignment2/e-shop-manager"/>
=======
    <property name="basedir" value="/home/giovannit/MTSS-Assignment2/MTSS-Assignment2/e-shop-manager"/>
>>>>>>> 8e3b64d19fd12b9d053033bfd7799d4c6902f965
    <property name="java.vm.compressedOopsMode" value="32-bit"/>
    <property name="line.separator" value="&#10;"/>
    <property name="java.specification.name" value="Java Platform API Specification"/>
<<<<<<< HEAD
    <property name="surefire.real.class.path" value="/media/nicola/E0362DB4362D8C9A/Universita/Secondo_Anno/MTSS/MTSS-Assignment2/e-shop-manager/target/surefire/surefirebooter14002478185793372411.jar"/>
=======
    <property name="java.vm.specification.vendor" value="Oracle Corporation"/>
    <property name="java.awt.graphicsenv" value="sun.awt.X11GraphicsEnvironment"/>
    <property name="surefire.real.class.path" value="/home/giovannit/MTSS-Assignment2/MTSS-Assignment2/e-shop-manager/target/surefire/surefirebooter1372460794776679539.jar"/>
>>>>>>> 8e3b64d19fd12b9d053033bfd7799d4c6902f965
    <property name="sun.management.compiler" value="HotSpot 64-Bit Tiered Compilers"/>
    <property name="java.runtime.version" value="11.0.14+9-post-Debian-1deb11u1"/>
    <property name="user.name" value="giovannit"/>
    <property name="path.separator" value=":"/>
    <property name="os.version" value="5.10.0-13-amd64"/>
    <property name="java.runtime.name" value="OpenJDK Runtime Environment"/>
    <property name="file.encoding" value="UTF-8"/>
    <property name="java.vm.name" value="OpenJDK 64-Bit Server VM"/>
    <property name="localRepository" value="/home/giovannit/.m2/repository"/>
    <property name="java.vendor.url.bug" value="https://bugs.debian.org/openjdk-11"/>
    <property name="java.io.tmpdir" value="/tmp"/>
<<<<<<< HEAD
    <property name="java.version" value="17.0.3"/>
    <property name="user.dir" value="/media/nicola/E0362DB4362D8C9A/Universita/Secondo_Anno/MTSS/MTSS-Assignment2/e-shop-manager"/>
=======
    <property name="java.version" value="11.0.14"/>
    <property name="user.dir" value="/home/giovannit/MTSS-Assignment2/MTSS-Assignment2/e-shop-manager"/>
>>>>>>> 8e3b64d19fd12b9d053033bfd7799d4c6902f965
    <property name="os.arch" value="amd64"/>
    <property name="java.vm.specification.name" value="Java Virtual Machine Specification"/>
    <property name="java.awt.printerjob" value="sun.print.PSPrinterJob"/>
    <property name="sun.os.patch.level" value="unknown"/>
    <property name="java.library.path" value="/usr/java/packages/lib:/usr/lib/x86_64-linux-gnu/jni:/lib/x86_64-linux-gnu:/usr/lib/x86_64-linux-gnu:/usr/lib/jni:/lib:/usr/lib"/>
    <property name="java.vm.info" value="mixed mode"/>
    <property name="java.vendor" value="Debian"/>
    <property name="java.vm.version" value="11.0.14+9-post-Debian-1deb11u1"/>
    <property name="sun.io.unicode.encoding" value="UnicodeLittle"/>
    <property name="java.class.version" value="55.0"/>
  </properties>
<<<<<<< HEAD
  <testcase name="shouldSetOrderNumber" classname="it.unipd.mtss.CartTest" time="0.008"/>
  <testcase name="sameNumberOfKeyboardAndMouse_MoreKeyboardsThanMouse" classname="it.unipd.mtss.CartTest" time="0"/>
  <testcase name="shouldSetCartAndUser" classname="it.unipd.mtss.CartTest" time="0"/>
  <testcase name="shouldBeAGoodTime" classname="it.unipd.mtss.CartTest" time="0"/>
  <testcase name="shouldGetADiscountIfAmountTooHigh_JustAbout1000" classname="it.unipd.mtss.CartTest" time="0"/>
  <testcase name="tooMuchItemsOnCart" classname="it.unipd.mtss.CartTest" time="0.003"/>
  <testcase name="leastExpensiveProcessorShouldBeHalf_TotalZero" classname="it.unipd.mtss.CartTest" time="0"/>
  <testcase name="leastExpensiveProcessorShouldBeHalf" classname="it.unipd.mtss.CartTest" time="0.001"/>
  <testcase name="shouldget10FreeRandomOrdersIfMinorenne" classname="it.unipd.mtss.CartTest" time="0.002"/>
  <testcase name="shouldGetADiscountIfAmountTooHigh" classname="it.unipd.mtss.CartTest" time="0.007"/>
  <testcase name="leastExpensiveMouseShouldBeFree_SamePrice" classname="it.unipd.mtss.CartTest" time="0"/>
  <testcase name="shouldCreateAStandardCart" classname="it.unipd.mtss.CartTest" time="0"/>
  <testcase name="shouldGetTheCorrectAmount" classname="it.unipd.mtss.CartTest" time="0.001"/>
  <testcase name="leastExpensiveMouseShouldBeFree" classname="it.unipd.mtss.CartTest" time="0.003"/>
  <testcase name="leastExpensiveProcessorShouldBeHalf_SamePrice" classname="it.unipd.mtss.CartTest" time="0.001"/>
=======
  <testcase name="leastExpensiveProcessorShouldBeHalf2" classname="it.unipd.mtss.CartTest" time="0"/>
  <testcase name="leastExpensiveProcessorShouldBeHalf3" classname="it.unipd.mtss.CartTest" time="0"/>
  <testcase name="tooMuchItemsOnCart" classname="it.unipd.mtss.CartTest" time="0.001"/>
  <testcase name="leastExpensiveProcessorShouldBeHalf" classname="it.unipd.mtss.CartTest" time="0.001"/>
  <testcase name="shouldget10FreeRandomOrdersIfMinorenne" classname="it.unipd.mtss.CartTest" time="0"/>
  <testcase name="shouldGetADiscountIfAmountTooHigh" classname="it.unipd.mtss.CartTest" time="0"/>
  <testcase name="shouldGetTheCorrectAmount" classname="it.unipd.mtss.CartTest" time="0"/>
  <testcase name="leastExpensiveMouseShouldBeFree" classname="it.unipd.mtss.CartTest" time="0"/>
>>>>>>> 8e3b64d19fd12b9d053033bfd7799d4c6902f965
  <testcase name="shouldIncreaseTheAmountIfTooLow" classname="it.unipd.mtss.CartTest" time="0"/>
  <testcase name="sameNumberOfKeyboardAndMouse_SamePrice" classname="it.unipd.mtss.CartTest" time="0"/>
  <testcase name="sameNumberOfKeyboardAndMouse_DifferentAmountOfMousesAndKeyboards" classname="it.unipd.mtss.CartTest" time="0"/>
  <testcase name="shouldIncreaseTheAmountIfTooLow_EmptyCart" classname="it.unipd.mtss.CartTest" time="0.001"/>
  <testcase name="shouldSetNumberOfItems" classname="it.unipd.mtss.CartTest" time="0"/>
  <testcase name="sameNumberOfKeyboardAndMouse" classname="it.unipd.mtss.CartTest" time="0"/>
  <testcase name="shouldget10FreeRandomOrdersIfMinorenne2" classname="it.unipd.mtss.CartTest" time="0.001"/>
  <testcase name="shouldGetTheCorrectAmount_EmptyCart" classname="it.unipd.mtss.CartTest" time="0"/>
  <testcase name="shouldCreateACopyCart" classname="it.unipd.mtss.CartTest" time="0"/>
  <testcase name="shouldSetCart" classname="it.unipd.mtss.CartTest" time="0.001"/>
  <testcase name="tooMuchItemsOnCart2" classname="it.unipd.mtss.CartTest" time="0"/>
  <testcase name="shouldBeAWrongTime" classname="it.unipd.mtss.CartTest" time="0"/>
</testsuite>