<?xml version="1.0" encoding="UTF-8"?>
<testsuite xmlns:xsi="http://www.w3.org/2001/XMLSchema-instance" xsi:noNamespaceSchemaLocation="https://maven.apache.org/surefire/maven-surefire-plugin/xsd/surefire-test-report.xsd" name="it.unipd.mtss.CartTest" time="0.033" tests="35" errors="0" skipped="0" failures="0">
  <properties>
    <property name="java.specification.version" value="17"/>
    <property name="sun.jnu.encoding" value="UTF-8"/>
    <property name="java.class.path" value="/home/nicola/Scrivania/Universita/Secondo_Anno/MTSS/MTSS-Assignment2/e-shop-manager/target/test-classes:/home/nicola/Scrivania/Universita/Secondo_Anno/MTSS/MTSS-Assignment2/e-shop-manager/target/classes:/home/nicola/.m2/repository/junit/junit/4.11/junit-4.11.jar:/home/nicola/.m2/repository/org/hamcrest/hamcrest-core/1.3/hamcrest-core-1.3.jar:"/>
    <property name="java.vm.vendor" value="Debian"/>
    <property name="sun.arch.data.model" value="64"/>
    <property name="java.vendor.url" value="https://tracker.debian.org/openjdk-17"/>
    <property name="os.name" value="Linux"/>
    <property name="java.vm.specification.version" value="17"/>
    <property name="sun.java.launcher" value="SUN_STANDARD"/>
    <property name="user.country" value="IT"/>
    <property name="sun.boot.library.path" value="/usr/lib/jvm/java-17-openjdk-amd64/lib"/>
    <property name="sun.java.command" value="/home/nicola/Scrivania/Universita/Secondo_Anno/MTSS/MTSS-Assignment2/e-shop-manager/target/surefire/surefirebooter17352613263339267928.jar /media/nicola/E0362DB4362D8C9A/Universita/Secondo_Anno/MTSS/MTSS-Assignment2/e-shop-manager/target/surefire 2022-05-20T12-20-12_288-jvmRun1 surefire5671346268682166227tmp surefire_0848570897681899297tmp"/>
    <property name="jdk.debug" value="release"/>
    <property name="surefire.test.class.path" value="/home/nicola/Scrivania/Universita/Secondo_Anno/MTSS/MTSS-Assignment2/e-shop-manager/target/test-classes:/home/nicola/Scrivania/Universita/Secondo_Anno/MTSS/MTSS-Assignment2/e-shop-manager/target/classes:/home/nicola/.m2/repository/junit/junit/4.11/junit-4.11.jar:/home/nicola/.m2/repository/org/hamcrest/hamcrest-core/1.3/hamcrest-core-1.3.jar:"/>
    <property name="sun.cpu.endian" value="little"/>
    <property name="user.home" value="/home/nicola"/>
    <property name="user.language" value="it"/>
    <property name="java.specification.vendor" value="Oracle Corporation"/>
    <property name="java.version.date" value="2022-04-19"/>
    <property name="java.home" value="/usr/lib/jvm/java-17-openjdk-amd64"/>
    <property name="file.separator" value="/"/>
    <property name="basedir" value="/home/nicola/Scrivania/Universita/Secondo_Anno/MTSS/MTSS-Assignment2/e-shop-manager"/>
    <property name="java.vm.compressedOopsMode" value="32-bit"/>
    <property name="line.separator" value="&#10;"/>
    <property name="java.vm.specification.vendor" value="Oracle Corporation"/>
    <property name="java.specification.name" value="Java Platform API Specification"/>
    <property name="surefire.real.class.path" value="/home/nicola/Scrivania/Universita/Secondo_Anno/MTSS/MTSS-Assignment2/e-shop-manager/target/surefire/surefirebooter17352613263339267928.jar"/>
    <property name="sun.management.compiler" value="HotSpot 64-Bit Tiered Compilers"/>
    <property name="java.runtime.version" value="17.0.3+7-Debian-1deb11u1"/>
    <property name="user.name" value="nicola"/>
    <property name="path.separator" value=":"/>
    <property name="os.version" value="5.10.0-14-amd64"/>
    <property name="java.runtime.name" value="OpenJDK Runtime Environment"/>
    <property name="file.encoding" value="UTF-8"/>
    <property name="java.vm.name" value="OpenJDK 64-Bit Server VM"/>
    <property name="localRepository" value="/home/nicola/.m2/repository"/>
    <property name="java.vendor.url.bug" value="https://bugs.debian.org/openjdk-17"/>
    <property name="java.io.tmpdir" value="/tmp"/>
    <property name="java.version" value="17.0.3"/>
    <property name="user.dir" value="/home/nicola/Scrivania/Universita/Secondo_Anno/MTSS/MTSS-Assignment2/e-shop-manager"/>
    <property name="os.arch" value="amd64"/>
    <property name="java.vm.specification.name" value="Java Virtual Machine Specification"/>
    <property name="native.encoding" value="UTF-8"/>
    <property name="java.library.path" value="/usr/java/packages/lib:/usr/lib/x86_64-linux-gnu/jni:/lib/x86_64-linux-gnu:/usr/lib/x86_64-linux-gnu:/usr/lib/jni:/lib:/usr/lib"/>
    <property name="java.vm.info" value="mixed mode, sharing"/>
    <property name="java.vendor" value="Debian"/>
    <property name="java.vm.version" value="17.0.3+7-Debian-1deb11u1"/>
    <property name="sun.io.unicode.encoding" value="UnicodeLittle"/>
    <property name="java.class.version" value="61.0"/>
  </properties>
  <testcase name="shouldBeAWrongTimeAgain" classname="it.unipd.mtss.CartTest" time="0"/>
  <testcase name="shouldSetOrderNumber" classname="it.unipd.mtss.CartTest" time="0"/>
  <testcase name="sameNumberOfKeyboardAndMouse_MoreKeyboardsThanMouse" classname="it.unipd.mtss.CartTest" time="0"/>
  <testcase name="shouldSetCartAndUser" classname="it.unipd.mtss.CartTest" time="0"/>
  <testcase name="sameNumberOfKeyboardAndMouse_NoMouse" classname="it.unipd.mtss.CartTest" time="0"/>
  <testcase name="shouldBeAGoodTime" classname="it.unipd.mtss.CartTest" time="0"/>
  <testcase name="shouldGetADiscountIfAmountTooHigh_JustAbout1000" classname="it.unipd.mtss.CartTest" time="0"/>
  <testcase name="tooMuchItemsOnCart" classname="it.unipd.mtss.CartTest" time="0.009"/>
  <testcase name="shouldget10FreeRandomOrdersIfMinorenneRightOrderTime" classname="it.unipd.mtss.CartTest" time="0"/>
  <testcase name="leastExpensiveProcessorShouldBeHalf_TotalZero" classname="it.unipd.mtss.CartTest" time="0"/>
  <testcase name="leastExpensiveProcessorShouldBeHalf" classname="it.unipd.mtss.CartTest" time="0"/>
  <testcase name="shouldget10FreeRandomOrdersIfMinorenne" classname="it.unipd.mtss.CartTest" time="0"/>
  <testcase name="shouldget10FreeRandomOrdersIfMinorenneSomeRightTimeSomeNot" classname="it.unipd.mtss.CartTest" time="0"/>
  <testcase name="shouldGetADiscountIfAmountTooHigh" classname="it.unipd.mtss.CartTest" time="0"/>
  <testcase name="leastExpensiveMouseShouldBeFree_SamePrice" classname="it.unipd.mtss.CartTest" time="0"/>
  <testcase name="sameNumberOfKeyboardAndMouse_NoKeyboard" classname="it.unipd.mtss.CartTest" time="0"/>
  <testcase name="shouldCreateAStandardCart" classname="it.unipd.mtss.CartTest" time="0"/>
  <testcase name="shouldGetTheCorrectAmount" classname="it.unipd.mtss.CartTest" time="0"/>
  <testcase name="shouldBeAGoodTimeForGift" classname="it.unipd.mtss.CartTest" time="0"/>
  <testcase name="leastExpensiveMouseShouldBeFree" classname="it.unipd.mtss.CartTest" time="0"/>
  <testcase name="leastExpensiveProcessorShouldBeHalf_SamePrice" classname="it.unipd.mtss.CartTest" time="0"/>
  <testcase name="shouldIncreaseTheAmountIfTooLow" classname="it.unipd.mtss.CartTest" time="0"/>
  <testcase name="sameNumberOfKeyboardAndMouse_SamePrice" classname="it.unipd.mtss.CartTest" time="0"/>
  <testcase name="sameNumberOfKeyboardAndMouse_DifferentAmountOfMousesAndKeyboards" classname="it.unipd.mtss.CartTest" time="0"/>
  <testcase name="shouldIncreaseTheAmountIfTooLow_EmptyCart" classname="it.unipd.mtss.CartTest" time="0"/>
  <testcase name="shouldSetNumberOfItems" classname="it.unipd.mtss.CartTest" time="0"/>
  <testcase name="sameNumberOfKeyboardAndMouse" classname="it.unipd.mtss.CartTest" time="0"/>
  <testcase name="shouldBeAnotherBadTimeForGift" classname="it.unipd.mtss.CartTest" time="0"/>
  <testcase name="shouldGetTheCorrectAmount_EmptyCart" classname="it.unipd.mtss.CartTest" time="0.001"/>
  <testcase name="shouldBeAnotherGoodTimeForGift" classname="it.unipd.mtss.CartTest" time="0.001"/>
  <testcase name="tooMuchItemsOnCartSouldBeFine" classname="it.unipd.mtss.CartTest" time="0"/>
  <testcase name="shouldCreateACopyCart" classname="it.unipd.mtss.CartTest" time="0"/>
  <testcase name="shouldSetCart" classname="it.unipd.mtss.CartTest" time="0.005"/>
  <testcase name="shouldBeABadTimeForGift" classname="it.unipd.mtss.CartTest" time="0.002"/>
  <testcase name="shouldBeAWrongTime" classname="it.unipd.mtss.CartTest" time="0"/>
</testsuite>